#
# There is insufficient memory for the Java Runtime Environment to continue.
# Native memory allocation (malloc) failed to allocate 51328 bytes for Chunk::new
# Possible reasons:
#   The system is out of physical RAM or swap space
#   The process is running with CompressedOops enabled, and the Java Heap may be blocking the growth of the native heap
# Possible solutions:
#   Reduce memory load on the system
#   Increase physical memory or swap space
#   Check if swap backing store is full
#   Decrease Java heap size (-Xmx/-Xms)
#   Decrease number of Java threads
#   Decrease Java thread stack sizes (-Xss)
#   Set larger code cache with -XX:ReservedCodeCacheSize=
#   JVM is running with Unscaled Compressed Oops mode in which the Java heap is
#     placed in the first 4GB address space. The Java Heap base address is the
#     maximum limit for the native heap growth. Please use -XX:HeapBaseMinAddress
#     to set the Java Heap base and to place the Java Heap above 4GB virtual address.
# This output file may be truncated or incomplete.
#
#  Out of Memory Error (./src/hotspot/share/memory/arena.cpp:197), pid=36384, tid=6076
#
# JRE version: OpenJDK Runtime Environment Temurin-11.0.12+7 (11.0.12+7) (build 11.0.12+7)
# Java VM: OpenJDK 64-Bit Server VM Temurin-11.0.12+7 (11.0.12+7, mixed mode, tiered, compressed oops, g1 gc, windows-amd64)
# No core dump will be written. Minidumps are not enabled by default on client versions of Windows
#

---------------  S U M M A R Y ------------

Command Line: -Dfile.encoding=UTF-8 HiLo

Host: AMD Ryzen 5 3600 6-Core Processor              , 12 cores, 7G,  Windows 10 , 64 bit Build 22000 (10.0.22000.675)
Time: Thu May 26 19:15:43 2022 Central Daylight Time elapsed time: 0.125020 seconds (0d 0h 0m 0s)

---------------  T H R E A D  ---------------

Current thread (0x0000023606e3e000):  JavaThread "main" [_thread_in_vm, id=6076, stack(0x0000004b1d900000,0x0000004b1da00000)]

Stack: [0x0000004b1d900000,0x0000004b1da00000]
Native frames: (J=compiled Java code, j=interpreted, Vv=VM code, C=native code)
V  [jvm.dll+0x601d0a]
V  [jvm.dll+0x78ab6e]
V  [jvm.dll+0x78c23f]
V  [jvm.dll+0x78c903]
V  [jvm.dll+0x24be68]
V  [jvm.dll+0xc219c]
V  [jvm.dll+0xc275c]
V  [jvm.dll+0x1d434d]
V  [jvm.dll+0x1d32f3]
V  [jvm.dll+0x723dfe]
V  [jvm.dll+0x7251d1]
V  [jvm.dll+0x725403]
V  [jvm.dll+0x24538e]
V  [jvm.dll+0x36f914]
C  0x000002360f5719be

Java frames: (J=compiled Java code, j=interpreted, Vv=VM code)
j  java.lang.invoke.MethodHandles$Lookup.<clinit>()V+0 java.base@11.0.12
v  ~StubRoutines::call_stub
j  java.lang.invoke.MethodHandleNatives.linkMethodHandleConstant(Ljava/lang/Class;ILjava/lang/Class;Ljava/lang/String;Ljava/lang/Object;)Ljava/lang/invoke/MethodHandle;+0 java.base@11.0.12
v  ~StubRoutines::call_stub
j  java.util.regex.CharPredicates.forProperty(Ljava/lang/String;)Ljava/util/regex/Pattern$CharPredicate;+2411 java.base@11.0.12
j  java.util.regex.Pattern.family(ZZ)Ljava/util/regex/Pattern$CharPredicate;+576 java.base@11.0.12
j  java.util.regex.Pattern.sequence(Ljava/util/regex/Pattern$Node;)Ljava/util/regex/Pattern$Node;+329 java.base@11.0.12
j  java.util.regex.Pattern.expr(Ljava/util/regex/Pattern$Node;)Ljava/util/regex/Pattern$Node;+12 java.base@11.0.12
j  java.util.regex.Pattern.compile()V+222 java.base@11.0.12
j  java.util.regex.Pattern.<init>(Ljava/lang/String;I)V+108 java.base@11.0.12
j  java.util.regex.Pattern.compile(Ljava/lang/String;)Ljava/util/regex/Pattern;+6 java.base@11.0.12
j  java.util.Scanner.<clinit>()V+19 java.base@11.0.12
v  ~StubRoutines::call_stub
j  HiLo.<clinit>()V+32
v  ~StubRoutines::call_stub

---------------  P R O C E S S  ---------------

Threads class SMR info:
_java_thread_list=0x0000023626d9f330, length=10, elements={
0x0000023606e3e000, 0x00000236262a4800, 0x000002362629a800, 0x00000236262ae800,
0x00000236262b0800, 0x00000236262b2000, 0x0000023626c0b000, 0x0000023626c0d000,
0x0000023626c18000, 0x0000023626da0000
}

Java Threads: ( => current thread )
=>0x0000023606e3e000 JavaThread "main" [_thread_in_vm, id=6076, stack(0x0000004b1d900000,0x0000004b1da00000)]
  0x00000236262a4800 JavaThread "Reference Handler" daemon [_thread_blocked, id=39532, stack(0x0000004b1e000000,0x0000004b1e100000)]
  0x000002362629a800 JavaThread "Finalizer" daemon [_thread_blocked, id=26108, stack(0x0000004b1e100000,0x0000004b1e200000)]
  0x00000236262ae800 JavaThread "Signal Dispatcher" daemon [_thread_blocked, id=33056, stack(0x0000004b1e200000,0x0000004b1e300000)]
  0x00000236262b0800 JavaThread "Attach Listener" daemon [_thread_blocked, id=7296, stack(0x0000004b1e300000,0x0000004b1e400000)]
  0x00000236262b2000 JavaThread "Service Thread" daemon [_thread_blocked, id=41952, stack(0x0000004b1e400000,0x0000004b1e500000)]
  0x0000023626c0b000 JavaThread "C2 CompilerThread0" daemon [_thread_blocked, id=25204, stack(0x0000004b1e500000,0x0000004b1e600000)]
  0x0000023626c0d000 JavaThread "C1 CompilerThread0" daemon [_thread_blocked, id=37392, stack(0x0000004b1e600000,0x0000004b1e700000)]
  0x0000023626c18000 JavaThread "Sweeper thread" daemon [_thread_blocked, id=2080, stack(0x0000004b1e700000,0x0000004b1e800000)]
  0x0000023626da0000 JavaThread "Common-Cleaner" daemon [_thread_blocked, id=13832, stack(0x0000004b1e900000,0x0000004b1ea00000)]

Other Threads:
  0x000002362626f800 VMThread "VM Thread" [stack: 0x0000004b1df00000,0x0000004b1e000000] [id=40376]
  0x0000023626d9a800 WatcherThread [stack: 0x0000004b1e800000,0x0000004b1e900000] [id=26888]
  0x0000023606e56800 GCTaskThread "GC Thread#0" [stack: 0x0000004b1da00000,0x0000004b1db00000] [id=8976]
  0x0000023606e8b800 ConcurrentGCThread "G1 Main Marker" [stack: 0x0000004b1db00000,0x0000004b1dc00000] [id=23952]
  0x0000023606e8d800 ConcurrentGCThread "G1 Conc#0" [stack: 0x0000004b1dc00000,0x0000004b1dd00000] [id=29088]
  0x00000236260e1800 ConcurrentGCThread "G1 Refine#0" [stack: 0x0000004b1dd00000,0x0000004b1de00000] [id=23052]
  0x00000236260e2800 ConcurrentGCThread "G1 Young RemSet Sampling" [stack: 0x0000004b1de00000,0x0000004b1df00000] [id=15068]

Threads with active compile tasks:

VM state:not at safepoint (normal execution)

VM Mutex/Monitor currently owned by a thread: None

Heap address: 0x0000000081400000, size: 2028 MB, Compressed Oops mode: 32-bit
Narrow klass base: 0x0000000000000000, Narrow klass shift: 3
Compressed class space size: 1073741824 Address: 0x0000000100000000

Heap:
 garbage-first heap   total 131072K, used 1024K [0x0000000081400000, 0x0000000100000000)
  region size 1024K, 2 young (2048K), 0 survivors (0K)
 Metaspace       used 3761K, capacity 4486K, committed 4864K, reserved 1056768K
  class space    used 323K, capacity 386K, committed 512K, reserved 1048576K
Heap Regions: E=young(eden), S=young(survivor), O=old, HS=humongous(starts), HC=humongous(continues), CS=collection set, F=free, A=archive, TAMS=top-at-mark-start (previous, next)
|   0|0x0000000081400000, 0x0000000081400000, 0x0000000081500000|  0%| F|  |TAMS 0x0000000081400000, 0x0000000081400000| Untracked 
|   1|0x0000000081500000, 0x0000000081500000, 0x0000000081600000|  0%| F|  |TAMS 0x0000000081500000, 0x0000000081500000| Untracked 
|   2|0x0000000081600000, 0x0000000081600000, 0x0000000081700000|  0%| F|  |TAMS 0x0000000081600000, 0x0000000081600000| Untracked 
|   3|0x0000000081700000, 0x0000000081700000, 0x0000000081800000|  0%| F|  |TAMS 0x0000000081700000, 0x0000000081700000| Untracked 
|   4|0x0000000081800000, 0x0000000081800000, 0x0000000081900000|  0%| F|  |TAMS 0x0000000081800000, 0x0000000081800000| Untracked 
|   5|0x0000000081900000, 0x0000000081900000, 0x0000000081a00000|  0%| F|  |TAMS 0x0000000081900000, 0x0000000081900000| Untracked 
|   6|0x0000000081a00000, 0x0000000081a00000, 0x0000000081b00000|  0%| F|  |TAMS 0x0000000081a00000, 0x0000000081a00000| Untracked 
|   7|0x0000000081b00000, 0x0000000081b00000, 0x0000000081c00000|  0%| F|  |TAMS 0x0000000081b00000, 0x0000000081b00000| Untracked 
|   8|0x0000000081c00000, 0x0000000081c00000, 0x0000000081d00000|  0%| F|  |TAMS 0x0000000081c00000, 0x0000000081c00000| Untracked 
|   9|0x0000000081d00000, 0x0000000081d00000, 0x0000000081e00000|  0%| F|  |TAMS 0x0000000081d00000, 0x0000000081d00000| Untracked 
|  10|0x0000000081e00000, 0x0000000081e00000, 0x0000000081f00000|  0%| F|  |TAMS 0x0000000081e00000, 0x0000000081e00000| Untracked 
|  11|0x0000000081f00000, 0x0000000081f00000, 0x0000000082000000|  0%| F|  |TAMS 0x0000000081f00000, 0x0000000081f00000| Untracked 
|  12|0x0000000082000000, 0x0000000082000000, 0x0000000082100000|  0%| F|  |TAMS 0x0000000082000000, 0x0000000082000000| Untracked 
|  13|0x0000000082100000, 0x0000000082100000, 0x0000000082200000|  0%| F|  |TAMS 0x0000000082100000, 0x0000000082100000| Untracked 
|  14|0x0000000082200000, 0x0000000082200000, 0x0000000082300000|  0%| F|  |TAMS 0x0000000082200000, 0x0000000082200000| Untracked 
|  15|0x0000000082300000, 0x0000000082300000, 0x0000000082400000|  0%| F|  |TAMS 0x0000000082300000, 0x0000000082300000| Untracked 
|  16|0x0000000082400000, 0x0000000082400000, 0x0000000082500000|  0%| F|  |TAMS 0x0000000082400000, 0x0000000082400000| Untracked 
|  17|0x0000000082500000, 0x0000000082500000, 0x0000000082600000|  0%| F|  |TAMS 0x0000000082500000, 0x0000000082500000| Untracked 
|  18|0x0000000082600000, 0x0000000082600000, 0x0000000082700000|  0%| F|  |TAMS 0x0000000082600000, 0x0000000082600000| Untracked 
|  19|0x0000000082700000, 0x0000000082700000, 0x0000000082800000|  0%| F|  |TAMS 0x0000000082700000, 0x0000000082700000| Untracked 
|  20|0x0000000082800000, 0x0000000082800000, 0x0000000082900000|  0%| F|  |TAMS 0x0000000082800000, 0x0000000082800000| Untracked 
|  21|0x0000000082900000, 0x0000000082900000, 0x0000000082a00000|  0%| F|  |TAMS 0x0000000082900000, 0x0000000082900000| Untracked 
|  22|0x0000000082a00000, 0x0000000082a00000, 0x0000000082b00000|  0%| F|  |TAMS 0x0000000082a00000, 0x0000000082a00000| Untracked 
|  23|0x0000000082b00000, 0x0000000082b00000, 0x0000000082c00000|  0%| F|  |TAMS 0x0000000082b00000, 0x0000000082b00000| Untracked 
|  24|0x0000000082c00000, 0x0000000082c00000, 0x0000000082d00000|  0%| F|  |TAMS 0x0000000082c00000, 0x0000000082c00000| Untracked 
|  25|0x0000000082d00000, 0x0000000082d00000, 0x0000000082e00000|  0%| F|  |TAMS 0x0000000082d00000, 0x0000000082d00000| Untracked 
|  26|0x0000000082e00000, 0x0000000082e00000, 0x0000000082f00000|  0%| F|  |TAMS 0x0000000082e00000, 0x0000000082e00000| Untracked 
|  27|0x0000000082f00000, 0x0000000082f00000, 0x0000000083000000|  0%| F|  |TAMS 0x0000000082f00000, 0x0000000082f00000| Untracked 
|  28|0x0000000083000000, 0x0000000083000000, 0x0000000083100000|  0%| F|  |TAMS 0x0000000083000000, 0x0000000083000000| Untracked 
|  29|0x0000000083100000, 0x0000000083100000, 0x0000000083200000|  0%| F|  |TAMS 0x0000000083100000, 0x0000000083100000| Untracked 
|  30|0x0000000083200000, 0x0000000083200000, 0x0000000083300000|  0%| F|  |TAMS 0x0000000083200000, 0x0000000083200000| Untracked 
|  31|0x0000000083300000, 0x0000000083300000, 0x0000000083400000|  0%| F|  |TAMS 0x0000000083300000, 0x0000000083300000| Untracked 
|  32|0x0000000083400000, 0x0000000083400000, 0x0000000083500000|  0%| F|  |TAMS 0x0000000083400000, 0x0000000083400000| Untracked 
|  33|0x0000000083500000, 0x0000000083500000, 0x0000000083600000|  0%| F|  |TAMS 0x0000000083500000, 0x0000000083500000| Untracked 
|  34|0x0000000083600000, 0x0000000083600000, 0x0000000083700000|  0%| F|  |TAMS 0x0000000083600000, 0x0000000083600000| Untracked 
|  35|0x0000000083700000, 0x0000000083700000, 0x0000000083800000|  0%| F|  |TAMS 0x0000000083700000, 0x0000000083700000| Untracked 
|  36|0x0000000083800000, 0x0000000083800000, 0x0000000083900000|  0%| F|  |TAMS 0x0000000083800000, 0x0000000083800000| Untracked 
|  37|0x0000000083900000, 0x0000000083900000, 0x0000000083a00000|  0%| F|  |TAMS 0x0000000083900000, 0x0000000083900000| Untracked 
|  38|0x0000000083a00000, 0x0000000083a00000, 0x0000000083b00000|  0%| F|  |TAMS 0x0000000083a00000, 0x0000000083a00000| Untracked 
|  39|0x0000000083b00000, 0x0000000083b00000, 0x0000000083c00000|  0%| F|  |TAMS 0x0000000083b00000, 0x0000000083b00000| Untracked 
|  40|0x0000000083c00000, 0x0000000083c00000, 0x0000000083d00000|  0%| F|  |TAMS 0x0000000083c00000, 0x0000000083c00000| Untracked 
|  41|0x0000000083d00000, 0x0000000083d00000, 0x0000000083e00000|  0%| F|  |TAMS 0x0000000083d00000, 0x0000000083d00000| Untracked 
|  42|0x0000000083e00000, 0x0000000083e00000, 0x0000000083f00000|  0%| F|  |TAMS 0x0000000083e00000, 0x0000000083e00000| Untracked 
|  43|0x0000000083f00000, 0x0000000083f00000, 0x0000000084000000|  0%| F|  |TAMS 0x0000000083f00000, 0x0000000083f00000| Untracked 
|  44|0x0000000084000000, 0x0000000084000000, 0x0000000084100000|  0%| F|  |TAMS 0x0000000084000000, 0x0000000084000000| Untracked 
|  45|0x0000000084100000, 0x0000000084100000, 0x0000000084200000|  0%| F|  |TAMS 0x0000000084100000, 0x0000000084100000| Untracked 
|  46|0x0000000084200000, 0x0000000084200000, 0x0000000084300000|  0%| F|  |TAMS 0x0000000084200000, 0x0000000084200000| Untracked 
|  47|0x0000000084300000, 0x0000000084300000, 0x0000000084400000|  0%| F|  |TAMS 0x0000000084300000, 0x0000000084300000| Untracked 
|  48|0x0000000084400000, 0x0000000084400000, 0x0000000084500000|  0%| F|  |TAMS 0x0000000084400000, 0x0000000084400000| Untracked 
|  49|0x0000000084500000, 0x0000000084500000, 0x0000000084600000|  0%| F|  |TAMS 0x0000000084500000, 0x0000000084500000| Untracked 
|  50|0x0000000084600000, 0x0000000084600000, 0x0000000084700000|  0%| F|  |TAMS 0x0000000084600000, 0x0000000084600000| Untracked 
|  51|0x0000000084700000, 0x0000000084700000, 0x0000000084800000|  0%| F|  |TAMS 0x0000000084700000, 0x0000000084700000| Untracked 
|  52|0x0000000084800000, 0x0000000084800000, 0x0000000084900000|  0%| F|  |TAMS 0x0000000084800000, 0x0000000084800000| Untracked 
|  53|0x0000000084900000, 0x0000000084900000, 0x0000000084a00000|  0%| F|  |TAMS 0x0000000084900000, 0x0000000084900000| Untracked 
|  54|0x0000000084a00000, 0x0000000084a00000, 0x0000000084b00000|  0%| F|  |TAMS 0x0000000084a00000, 0x0000000084a00000| Untracked 
|  55|0x0000000084b00000, 0x0000000084b00000, 0x0000000084c00000|  0%| F|  |TAMS 0x0000000084b00000, 0x0000000084b00000| Untracked 
|  56|0x0000000084c00000, 0x0000000084c00000, 0x0000000084d00000|  0%| F|  |TAMS 0x0000000084c00000, 0x0000000084c00000| Untracked 
|  57|0x0000000084d00000, 0x0000000084d00000, 0x0000000084e00000|  0%| F|  |TAMS 0x0000000084d00000, 0x0000000084d00000| Untracked 
|  58|0x0000000084e00000, 0x0000000084e00000, 0x0000000084f00000|  0%| F|  |TAMS 0x0000000084e00000, 0x0000000084e00000| Untracked 
|  59|0x0000000084f00000, 0x0000000084f00000, 0x0000000085000000|  0%| F|  |TAMS 0x0000000084f00000, 0x0000000084f00000| Untracked 
|  60|0x0000000085000000, 0x0000000085000000, 0x0000000085100000|  0%| F|  |TAMS 0x0000000085000000, 0x0000000085000000| Untracked 
|  61|0x0000000085100000, 0x0000000085100000, 0x0000000085200000|  0%| F|  |TAMS 0x0000000085100000, 0x0000000085100000| Untracked 
|  62|0x0000000085200000, 0x0000000085200000, 0x0000000085300000|  0%| F|  |TAMS 0x0000000085200000, 0x0000000085200000| Untracked 
|  63|0x0000000085300000, 0x0000000085300000, 0x0000000085400000|  0%| F|  |TAMS 0x0000000085300000, 0x0000000085300000| Untracked 
|  64|0x0000000085400000, 0x0000000085400000, 0x0000000085500000|  0%| F|  |TAMS 0x0000000085400000, 0x0000000085400000| Untracked 
|  65|0x0000000085500000, 0x0000000085500000, 0x0000000085600000|  0%| F|  |TAMS 0x0000000085500000, 0x0000000085500000| Untracked 
|  66|0x0000000085600000, 0x0000000085600000, 0x0000000085700000|  0%| F|  |TAMS 0x0000000085600000, 0x0000000085600000| Untracked 
|  67|0x0000000085700000, 0x0000000085700000, 0x0000000085800000|  0%| F|  |TAMS 0x0000000085700000, 0x0000000085700000| Untracked 
|  68|0x0000000085800000, 0x0000000085800000, 0x0000000085900000|  0%| F|  |TAMS 0x0000000085800000, 0x0000000085800000| Untracked 
|  69|0x0000000085900000, 0x0000000085900000, 0x0000000085a00000|  0%| F|  |TAMS 0x0000000085900000, 0x0000000085900000| Untracked 
|  70|0x0000000085a00000, 0x0000000085a00000, 0x0000000085b00000|  0%| F|  |TAMS 0x0000000085a00000, 0x0000000085a00000| Untracked 
|  71|0x0000000085b00000, 0x0000000085b00000, 0x0000000085c00000|  0%| F|  |TAMS 0x0000000085b00000, 0x0000000085b00000| Untracked 
|  72|0x0000000085c00000, 0x0000000085c00000, 0x0000000085d00000|  0%| F|  |TAMS 0x0000000085c00000, 0x0000000085c00000| Untracked 
|  73|0x0000000085d00000, 0x0000000085d00000, 0x0000000085e00000|  0%| F|  |TAMS 0x0000000085d00000, 0x0000000085d00000| Untracked 
|  74|0x0000000085e00000, 0x0000000085e00000, 0x0000000085f00000|  0%| F|  |TAMS 0x0000000085e00000, 0x0000000085e00000| Untracked 
|  75|0x0000000085f00000, 0x0000000085f00000, 0x0000000086000000|  0%| F|  |TAMS 0x0000000085f00000, 0x0000000085f00000| Untracked 
|  76|0x0000000086000000, 0x0000000086000000, 0x0000000086100000|  0%| F|  |TAMS 0x0000000086000000, 0x0000000086000000| Untracked 
|  77|0x0000000086100000, 0x0000000086100000, 0x0000000086200000|  0%| F|  |TAMS 0x0000000086100000, 0x0000000086100000| Untracked 
|  78|0x0000000086200000, 0x0000000086200000, 0x0000000086300000|  0%| F|  |TAMS 0x0000000086200000, 0x0000000086200000| Untracked 
|  79|0x0000000086300000, 0x0000000086300000, 0x0000000086400000|  0%| F|  |TAMS 0x0000000086300000, 0x0000000086300000| Untracked 
|  80|0x0000000086400000, 0x0000000086400000, 0x0000000086500000|  0%| F|  |TAMS 0x0000000086400000, 0x0000000086400000| Untracked 
|  81|0x0000000086500000, 0x0000000086500000, 0x0000000086600000|  0%| F|  |TAMS 0x0000000086500000, 0x0000000086500000| Untracked 
|  82|0x0000000086600000, 0x0000000086600000, 0x0000000086700000|  0%| F|  |TAMS 0x0000000086600000, 0x0000000086600000| Untracked 
|  83|0x0000000086700000, 0x0000000086700000, 0x0000000086800000|  0%| F|  |TAMS 0x0000000086700000, 0x0000000086700000| Untracked 
|  84|0x0000000086800000, 0x0000000086800000, 0x0000000086900000|  0%| F|  |TAMS 0x0000000086800000, 0x0000000086800000| Untracked 
|  85|0x0000000086900000, 0x0000000086900000, 0x0000000086a00000|  0%| F|  |TAMS 0x0000000086900000, 0x0000000086900000| Untracked 
|  86|0x0000000086a00000, 0x0000000086a00000, 0x0000000086b00000|  0%| F|  |TAMS 0x0000000086a00000, 0x0000000086a00000| Untracked 
|  87|0x0000000086b00000, 0x0000000086b00000, 0x0000000086c00000|  0%| F|  |TAMS 0x0000000086b00000, 0x0000000086b00000| Untracked 
|  88|0x0000000086c00000, 0x0000000086c00000, 0x0000000086d00000|  0%| F|  |TAMS 0x0000000086c00000, 0x0000000086c00000| Untracked 
|  89|0x0000000086d00000, 0x0000000086d00000, 0x0000000086e00000|  0%| F|  |TAMS 0x0000000086d00000, 0x0000000086d00000| Untracked 
|  90|0x0000000086e00000, 0x0000000086e00000, 0x0000000086f00000|  0%| F|  |TAMS 0x0000000086e00000, 0x0000000086e00000| Untracked 
|  91|0x0000000086f00000, 0x0000000086f00000, 0x0000000087000000|  0%| F|  |TAMS 0x0000000086f00000, 0x0000000086f00000| Untracked 
|  92|0x0000000087000000, 0x0000000087000000, 0x0000000087100000|  0%| F|  |TAMS 0x0000000087000000, 0x0000000087000000| Untracked 
|  93|0x0000000087100000, 0x0000000087100000, 0x0000000087200000|  0%| F|  |TAMS 0x0000000087100000, 0x0000000087100000| Untracked 
|  94|0x0000000087200000, 0x0000000087200000, 0x0000000087300000|  0%| F|  |TAMS 0x0000000087200000, 0x0000000087200000| Untracked 
|  95|0x0000000087300000, 0x0000000087300000, 0x0000000087400000|  0%| F|  |TAMS 0x0000000087300000, 0x0000000087300000| Untracked 
|  96|0x0000000087400000, 0x0000000087400000, 0x0000000087500000|  0%| F|  |TAMS 0x0000000087400000, 0x0000000087400000| Untracked 
|  97|0x0000000087500000, 0x0000000087500000, 0x0000000087600000|  0%| F|  |TAMS 0x0000000087500000, 0x0000000087500000| Untracked 
|  98|0x0000000087600000, 0x0000000087600000, 0x0000000087700000|  0%| F|  |TAMS 0x0000000087600000, 0x0000000087600000| Untracked 
|  99|0x0000000087700000, 0x0000000087700000, 0x0000000087800000|  0%| F|  |TAMS 0x0000000087700000, 0x0000000087700000| Untracked 
| 100|0x0000000087800000, 0x0000000087800000, 0x0000000087900000|  0%| F|  |TAMS 0x0000000087800000, 0x0000000087800000| Untracked 
| 101|0x0000000087900000, 0x0000000087900000, 0x0000000087a00000|  0%| F|  |TAMS 0x0000000087900000, 0x0000000087900000| Untracked 
| 102|0x0000000087a00000, 0x0000000087a00000, 0x0000000087b00000|  0%| F|  |TAMS 0x0000000087a00000, 0x0000000087a00000| Untracked 
| 103|0x0000000087b00000, 0x0000000087b00000, 0x0000000087c00000|  0%| F|  |TAMS 0x0000000087b00000, 0x0000000087b00000| Untracked 
| 104|0x0000000087c00000, 0x0000000087c00000, 0x0000000087d00000|  0%| F|  |TAMS 0x0000000087c00000, 0x0000000087c00000| Untracked 
| 105|0x0000000087d00000, 0x0000000087d00000, 0x0000000087e00000|  0%| F|  |TAMS 0x0000000087d00000, 0x0000000087d00000| Untracked 
| 106|0x0000000087e00000, 0x0000000087e00000, 0x0000000087f00000|  0%| F|  |TAMS 0x0000000087e00000, 0x0000000087e00000| Untracked 
| 107|0x0000000087f00000, 0x0000000087f00000, 0x0000000088000000|  0%| F|  |TAMS 0x0000000087f00000, 0x0000000087f00000| Untracked 
| 108|0x0000000088000000, 0x0000000088000000, 0x0000000088100000|  0%| F|  |TAMS 0x0000000088000000, 0x0000000088000000| Untracked 
| 109|0x0000000088100000, 0x0000000088100000, 0x0000000088200000|  0%| F|  |TAMS 0x0000000088100000, 0x0000000088100000| Untracked 
| 110|0x0000000088200000, 0x0000000088200000, 0x0000000088300000|  0%| F|  |TAMS 0x0000000088200000, 0x0000000088200000| Untracked 
| 111|0x0000000088300000, 0x0000000088300000, 0x0000000088400000|  0%| F|  |TAMS 0x0000000088300000, 0x0000000088300000| Untracked 
| 112|0x0000000088400000, 0x0000000088400000, 0x0000000088500000|  0%| F|  |TAMS 0x0000000088400000, 0x0000000088400000| Untracked 
| 113|0x0000000088500000, 0x0000000088500000, 0x0000000088600000|  0%| F|  |TAMS 0x0000000088500000, 0x0000000088500000| Untracked 
| 114|0x0000000088600000, 0x0000000088600000, 0x0000000088700000|  0%| F|  |TAMS 0x0000000088600000, 0x0000000088600000| Untracked 
| 115|0x0000000088700000, 0x0000000088700000, 0x0000000088800000|  0%| F|  |TAMS 0x0000000088700000, 0x0000000088700000| Untracked 
| 116|0x0000000088800000, 0x0000000088800000, 0x0000000088900000|  0%| F|  |TAMS 0x0000000088800000, 0x0000000088800000| Untracked 
| 117|0x0000000088900000, 0x0000000088900000, 0x0000000088a00000|  0%| F|  |TAMS 0x0000000088900000, 0x0000000088900000| Untracked 
| 118|0x0000000088a00000, 0x0000000088a00000, 0x0000000088b00000|  0%| F|  |TAMS 0x0000000088a00000, 0x0000000088a00000| Untracked 
| 119|0x0000000088b00000, 0x0000000088b00000, 0x0000000088c00000|  0%| F|  |TAMS 0x0000000088b00000, 0x0000000088b00000| Untracked 
| 120|0x0000000088c00000, 0x0000000088c00000, 0x0000000088d00000|  0%| F|  |TAMS 0x0000000088c00000, 0x0000000088c00000| Untracked 
| 121|0x0000000088d00000, 0x0000000088d00000, 0x0000000088e00000|  0%| F|  |TAMS 0x0000000088d00000, 0x0000000088d00000| Untracked 
| 122|0x0000000088e00000, 0x0000000088e00000, 0x0000000088f00000|  0%| F|  |TAMS 0x0000000088e00000, 0x0000000088e00000| Untracked 
| 123|0x0000000088f00000, 0x0000000088f00000, 0x0000000089000000|  0%| F|  |TAMS 0x0000000088f00000, 0x0000000088f00000| Untracked 
| 124|0x0000000089000000, 0x0000000089000000, 0x0000000089100000|  0%| F|  |TAMS 0x0000000089000000, 0x0000000089000000| Untracked 
| 125|0x0000000089100000, 0x0000000089100000, 0x0000000089200000|  0%| F|  |TAMS 0x0000000089100000, 0x0000000089100000| Untracked 
| 126|0x0000000089200000, 0x000000008927b630, 0x0000000089300000| 48%| E|  |TAMS 0x0000000089200000, 0x0000000089200000| Complete 
| 127|0x0000000089300000, 0x0000000089400000, 0x0000000089400000|100%| E|CS|TAMS 0x0000000089300000, 0x0000000089300000| Complete 

Card table byte_map: [0x000002361eeb0000,0x000002361f2b0000] _byte_map_base: 0x000002361eaa6000

Marking Bits (Prev, Next): (CMBitMap*) 0x0000023606e80818, (CMBitMap*) 0x0000023606e80850
 Prev Bits: [0x000002361f6b0000, 0x0000023621660000)
 Next Bits: [0x0000023621660000, 0x0000023623610000)

Polling page: 0x0000023604de0000

Metaspace:

Usage:
  Non-class:      4.00 MB capacity,     3.36 MB ( 84%) used,   661.77 KB ( 16%) free+waste,   128 bytes ( <1%) overhead. 
      Class:    386.00 KB capacity,   323.59 KB ( 84%) used,    62.28 KB ( 16%) free+waste,   128 bytes ( <1%) overhead. 
       Both:      4.38 MB capacity,     3.67 MB ( 84%) used,   724.05 KB ( 16%) free+waste,   256 bytes ( <1%) overhead. 

Virtual space:
  Non-class space:        8.00 MB reserved,       4.25 MB ( 53%) committed 
      Class space:        1.00 GB reserved,     512.00 KB ( <1%) committed 
             Both:        1.01 GB reserved,       4.75 MB ( <1%) committed 

Chunk freelists:
   Non-Class:  0 bytes
       Class:  0 bytes
        Both:  0 bytes

MaxMetaspaceSize: 17179869184.00 GB
CompressedClassSpaceSize: 1.00 GB
Initial GC threshold: 20.80 MB
Current GC threshold: 20.80 MB
CDS: off

CodeHeap 'non-profiled nmethods': size=120000Kb used=19Kb max_used=19Kb free=119980Kb
 bounds [0x0000023617030000, 0x00000236172a0000, 0x000002361e560000]
CodeHeap 'profiled nmethods': size=120000Kb used=113Kb max_used=113Kb free=119886Kb
 bounds [0x000002360fb00000, 0x000002360fd70000, 0x0000023617030000]
CodeHeap 'non-nmethods': size=5760Kb used=1027Kb max_used=1034Kb free=4732Kb
 bounds [0x000002360f560000, 0x000002360f7d0000, 0x000002360fb00000]
 total_blobs=328 nmethods=86 adapters=155
 compilation: enabled
              stopped_count=0, restarted_count=0
 full_count=0

Compilation events (20 events):
Event: 0.116 Thread 0x0000023626c0d000 nmethod 75 0x000002360fb19f90 code [0x000002360fb1a1a0, 0x000002360fb1a6a8]
Event: 0.116 Thread 0x0000023626c0d000   76       1       java.lang.Module::getDescriptor (5 bytes)
Event: 0.116 Thread 0x0000023626c0d000 nmethod 76 0x0000023617033f10 code [0x00000236170340c0, 0x0000023617034178]
Event: 0.116 Thread 0x0000023626c0d000   81       3       java.lang.StringLatin1::canEncode (13 bytes)
Event: 0.116 Thread 0x0000023626c0d000 nmethod 81 0x000002360fb1a890 code [0x000002360fb1aa40, 0x000002360fb1ab78]
Event: 0.116 Thread 0x0000023626c0b000 nmethod 68 0x0000023617034210 code [0x00000236170343a0, 0x00000236170345d8]
Event: 0.116 Thread 0x0000023626c0b000   71       4       java.util.ImmutableCollections$SetN$SetNIterator::hasNext (13 bytes)
Event: 0.116 Thread 0x0000023626c0b000 nmethod 71 0x0000023617034710 code [0x00000236170348a0, 0x0000023617034918]
Event: 0.116 Thread 0x0000023626c0b000   77       4       java.util.HashMap::afterNodeInsertion (1 bytes)
Event: 0.116 Thread 0x0000023626c0b000 nmethod 77 0x0000023617034a10 code [0x0000023617034ba0, 0x0000023617034bf8]
Event: 0.117 Thread 0x0000023626c0d000   82       3       java.lang.StringUTF16::getChar (60 bytes)
Event: 0.117 Thread 0x0000023626c0d000 nmethod 82 0x000002360fb1ac10 code [0x000002360fb1adc0, 0x000002360fb1af18]
Event: 0.118 Thread 0x0000023626c0d000   83       3       java.lang.String::hashCode (49 bytes)
Event: 0.118 Thread 0x0000023626c0d000 nmethod 83 0x000002360fb1b010 code [0x000002360fb1b200, 0x000002360fb1b608]
Event: 0.118 Thread 0x0000023626c0d000   84       3       java.lang.CharacterDataLatin1::getProperties (11 bytes)
Event: 0.118 Thread 0x0000023626c0d000 nmethod 84 0x000002360fb1b790 code [0x000002360fb1b940, 0x000002360fb1ba78]
Event: 0.119 Thread 0x0000023626c0d000   85       3       java.lang.AbstractStringBuilder::ensureCapacityInternal (39 bytes)
Event: 0.119 Thread 0x0000023626c0d000 nmethod 85 0x000002360fb1bb90 code [0x000002360fb1bd80, 0x000002360fb1c1f8]
Event: 0.120 Thread 0x0000023626c0d000   86       3       java.util.AbstractMap::<init> (5 bytes)
Event: 0.120 Thread 0x0000023626c0d000 nmethod 86 0x000002360fb1c390 code [0x000002360fb1c540, 0x000002360fb1c698]

GC Heap History (0 events):
No events

Deoptimization events (4 events):
Event: 0.118 Thread 0x0000023606e3e000 Uncommon trap: trap_request=0xffffff4d fr.pc=0x000002361703459c relative=0x00000000000001fc
Event: 0.118 Thread 0x0000023606e3e000 Uncommon trap: reason=unstable_if action=reinterpret pc=0x000002361703459c method=java.lang.String.hashCode()I @ 14 c2
Event: 0.118 Thread 0x0000023606e3e000 DEOPT PACKING pc=0x000002361703459c sp=0x0000004b1d9fd4b0
Event: 0.118 Thread 0x0000023606e3e000 DEOPT UNPACKING pc=0x000002360f5aa1af sp=0x0000004b1d9fd448 mode 2

Classes redefined (0 events):
No events

Internal exceptions (0 events):
No events

Events (20 events):
Event: 0.122 loading class java/util/regex/Pattern$Node
Event: 0.122 loading class java/util/regex/Pattern$Node done
Event: 0.122 loading class java/util/regex/Pattern$1 done
Event: 0.122 loading class java/util/regex/Pattern$LastNode
Event: 0.122 loading class java/util/regex/Pattern$LastNode done
Event: 0.122 loading class java/util/regex/Pattern$GroupHead
Event: 0.122 loading class java/util/regex/Pattern$GroupHead done
Event: 0.122 loading class java/util/regex/CharPredicates
Event: 0.122 loading class java/util/regex/CharPredicates done
Event: 0.122 loading class java/lang/invoke/LambdaMetafactory
Event: 0.122 loading class java/lang/invoke/LambdaMetafactory done
Event: 0.122 loading class java/lang/invoke/MethodHandles$Lookup
Event: 0.122 loading class java/lang/invoke/MethodHandles$Lookup done
Event: 0.122 loading class java/lang/invoke/MethodType$ConcurrentWeakInternSet
Event: 0.122 loading class java/lang/invoke/MethodType$ConcurrentWeakInternSet done
Event: 0.123 loading class java/lang/invoke/MethodType$ConcurrentWeakInternSet$WeakEntry
Event: 0.123 loading class java/lang/invoke/MethodType$ConcurrentWeakInternSet$WeakEntry done
Event: 0.123 loading class java/lang/invoke/MethodTypeForm
Event: 0.123 loading class java/lang/invoke/MethodTypeForm done
Event: 0.123 loading class java/lang/invoke/MethodHandles


Dynamic libraries:
0x00007ff687c00000 - 0x00007ff687c0d000 	C:\Program Files\Eclipse Foundation\jdk-11.0.12.7-hotspot\bin\javaw.exe
0x00007ffa30600000 - 0x00007ffa30809000 	C:\WINDOWS\SYSTEM32\ntdll.dll
0x00007ffa2fc00000 - 0x00007ffa2fcbd000 	C:\WINDOWS\System32\KERNEL32.DLL
0x00007ffa2de70000 - 0x00007ffa2e1e9000 	C:\WINDOWS\System32\KERNELBASE.dll
0x00007ffa2daf0000 - 0x00007ffa2dc01000 	C:\WINDOWS\System32\ucrtbase.dll
0x00007ffa154d0000 - 0x00007ffa154e5000 	C:\Program Files\Eclipse Foundation\jdk-11.0.12.7-hotspot\bin\VCRUNTIME140.dll
0x00007ffa16dd0000 - 0x00007ffa16de7000 	C:\Program Files\Eclipse Foundation\jdk-11.0.12.7-hotspot\bin\jli.dll
0x00007ffa2fa50000 - 0x00007ffa2fbfc000 	C:\WINDOWS\System32\USER32.dll
0x00007ffa161e0000 - 0x00007ffa16485000 	C:\WINDOWS\WinSxS\amd64_microsoft.windows.common-controls_6595b64144ccf1df_6.0.22000.120_none_9d947278b86cc467\COMCTL32.dll
0x00007ffa2dd30000 - 0x00007ffa2dd56000 	C:\WINDOWS\System32\win32u.dll
0x00007ffa2eb00000 - 0x00007ffa2eba3000 	C:\WINDOWS\System32\msvcrt.dll
0x00007ffa2e7b0000 - 0x00007ffa2e7d9000 	C:\WINDOWS\System32\GDI32.dll
0x00007ffa2dc10000 - 0x00007ffa2dd22000 	C:\WINDOWS\System32\gdi32full.dll
0x00007ffa2dd60000 - 0x00007ffa2ddfd000 	C:\WINDOWS\System32\msvcp_win.dll
0x00007ffa2f560000 - 0x00007ffa2f591000 	C:\WINDOWS\System32\IMM32.DLL
0x00007ffa13fa0000 - 0x00007ffa1403b000 	C:\Program Files\Eclipse Foundation\jdk-11.0.12.7-hotspot\bin\msvcp140.dll
0x00007ff9b8c00000 - 0x00007ff9b9759000 	C:\Program Files\Eclipse Foundation\jdk-11.0.12.7-hotspot\bin\server\jvm.dll
0x00007ffa2e4b0000 - 0x00007ffa2e55e000 	C:\WINDOWS\System32\ADVAPI32.dll
0x00007ffa303c0000 - 0x00007ffa3045e000 	C:\WINDOWS\System32\sechost.dll
0x00007ffa2ebb0000 - 0x00007ffa2ecd0000 	C:\WINDOWS\System32\RPCRT4.dll
0x00007ffa2e4a0000 - 0x00007ffa2e4a8000 	C:\WINDOWS\System32\PSAPI.DLL
0x00007ffa2a9c0000 - 0x00007ffa2a9c9000 	C:\WINDOWS\SYSTEM32\WSOCK32.dll
0x00007ffa2a370000 - 0x00007ffa2a3a3000 	C:\WINDOWS\SYSTEM32\WINMM.dll
0x00007ffa29840000 - 0x00007ffa2984a000 	C:\WINDOWS\SYSTEM32\VERSION.dll
0x00007ffa2f9e0000 - 0x00007ffa2fa4f000 	C:\WINDOWS\System32\WS2_32.dll
0x00007ffa2cce0000 - 0x00007ffa2ccf8000 	C:\WINDOWS\SYSTEM32\kernel.appcore.dll
0x00007ffa1e120000 - 0x00007ffa1e130000 	C:\Program Files\Eclipse Foundation\jdk-11.0.12.7-hotspot\bin\verify.dll
0x00007ffa1ed50000 - 0x00007ffa1ef71000 	C:\WINDOWS\SYSTEM32\DBGHELP.DLL
0x00007ffa22e00000 - 0x00007ffa22e31000 	C:\WINDOWS\SYSTEM32\dbgcore.DLL
0x00007ffa2e360000 - 0x00007ffa2e3df000 	C:\WINDOWS\System32\bcryptPrimitives.dll
0x00007ffa14650000 - 0x00007ffa14678000 	C:\Program Files\Eclipse Foundation\jdk-11.0.12.7-hotspot\bin\java.dll
0x00007ffa1e0b0000 - 0x00007ffa1e0ba000 	C:\Program Files\Eclipse Foundation\jdk-11.0.12.7-hotspot\bin\jimage.dll
0x00007ffa143e0000 - 0x00007ffa143f7000 	C:\Program Files\Eclipse Foundation\jdk-11.0.12.7-hotspot\bin\zip.dll
0x00007ffa2ecd0000 - 0x00007ffa2f47f000 	C:\WINDOWS\System32\SHELL32.dll
0x00007ffa2bc70000 - 0x00007ffa2c4d8000 	C:\WINDOWS\SYSTEM32\windows.storage.dll
0x00007ffa2f660000 - 0x00007ffa2f9d8000 	C:\WINDOWS\System32\combase.dll
0x00007ffa2bb00000 - 0x00007ffa2bc66000 	C:\WINDOWS\SYSTEM32\wintypes.dll
0x00007ffa304d0000 - 0x00007ffa305ba000 	C:\WINDOWS\System32\SHCORE.dll
0x00007ffa30240000 - 0x00007ffa3029d000 	C:\WINDOWS\System32\shlwapi.dll
0x00007ffa2da20000 - 0x00007ffa2da41000 	C:\WINDOWS\SYSTEM32\profapi.dll

dbghelp: loaded successfully - version: 4.0.5 - missing functions: none
symbol engine: initialized successfully - sym options: 0x614 - pdb path: .;C:\Program Files\Eclipse Foundation\jdk-11.0.12.7-hotspot\bin;C:\WINDOWS\SYSTEM32;C:\WINDOWS\WinSxS\amd64_microsoft.windows.common-controls_6595b64144ccf1df_6.0.22000.120_none_9d947278b86cc467;C:\Program Files\Eclipse Foundation\jdk-11.0.12.7-hotspot\bin\server

VM Arguments:
jvm_args: -Dfile.encoding=UTF-8 
java_command: HiLo
java_class_path (initial): C:\Users\esloa\Desktop\num_guessing_game\HiLo\bin
Launcher Type: SUN_STANDARD

[Global flags]
     intx CICompilerCount                          = 4                                         {product} {ergonomic}
     uint ConcGCThreads                            = 3                                         {product} {ergonomic}
     uint G1ConcRefinementThreads                  = 10                                        {product} {ergonomic}
   size_t G1HeapRegionSize                         = 1048576                                   {product} {ergonomic}
    uintx GCDrainStackTargetSize                   = 64                                        {product} {ergonomic}
   size_t InitialHeapSize                          = 134217728                                 {product} {ergonomic}
   size_t MarkStackSize                            = 4194304                                   {product} {ergonomic}
   size_t MaxHeapSize                              = 2126512128                                {product} {ergonomic}
   size_t MaxNewSize                               = 1275068416                                {product} {ergonomic}
   size_t MinHeapDeltaBytes                        = 1048576                                   {product} {ergonomic}
    uintx NonNMethodCodeHeapSize                   = 5836300                                {pd product} {ergonomic}
    uintx NonProfiledCodeHeapSize                  = 122910970                              {pd product} {ergonomic}
    uintx ProfiledCodeHeapSize                     = 122910970                              {pd product} {ergonomic}
    uintx ReservedCodeCacheSize                    = 251658240                              {pd product} {ergonomic}
     bool SegmentedCodeCache                       = true                                      {product} {ergonomic}
     bool UseCompressedClassPointers               = true                                 {lp64_product} {ergonomic}
     bool UseCompressedOops                        = true                                 {lp64_product} {ergonomic}
     bool UseG1GC                                  = true                                      {product} {ergonomic}
     bool UseLargePagesIndividualAllocation        = false                                  {pd product} {ergonomic}

Logging:
Log output configuration:
 #0: stdout all=warning uptime,level,tags
 #1: stderr all=off uptime,level,tags

Environment Variables:
PATH=C:\Program Files\Common Files\Oracle\Java\javapath;C:\Program Files\Eclipse Foundation\jdk-11.0.12.7-hotspot\bin;C:\Program Files (x86)\Razer Chroma SDK\bin;C:\Program Files\Razer Chroma SDK\bin;C:\Program Files (x86)\Razer\ChromaBroadcast\bin;C:\Program Files\Razer\ChromaBroadcast\bin;C:\windows\system32;C:\windows;C:\windows\System32\Wbem;C:\windows\System32\WindowsPowerShell\v1.0\;C:\windows\System32\OpenSSH\;C:\Program Files (x86)\NVIDIA Corporation\PhysX\Common;C:\Program Files\NVIDIA Corporation\NVIDIA NvDLISR;C:\Windows\system32;C:\Windows;C:\Windows\System32\Wbem;C:\Windows\System32\WindowsPowerShell\v1.0\;C:\Windows\System32\OpenSSH\;C:\Program Files (x86)\Common Files\Roxio Shared\10.0\DLLShared\;C:\Windows\system32\config\systemprofile\AppData\Local\Microsoft\WindowsApps;C:\WINDOWS\system32;C:\WINDOWS;C:\WINDOWS\System32\Wbem;C:\WINDOWS\System32\WindowsPowerShell\v1.0\;C:\WINDOWS\System32\OpenSSH\;C:\Program Files\Git\cmd;C:\Users\esloa\AppData\Local\Programs\Python\Launcher\;C:\Users\esloa\AppData\Local\Microsoft\WindowsApps;C:\Users\esloa\AppData\Local\Programs\Microsoft VS Code\bin
USERNAME=esloa
OS=Windows_NT
PROCESSOR_IDENTIFIER=AMD64 Family 23 Model 113 Stepping 0, AuthenticAMD



---------------  S Y S T E M  ---------------

OS: Windows 10 , 64 bit Build 22000 (10.0.22000.675)
OS uptime: 14 days 18:59 hours

CPU:total 12 (initial active 12) (12 cores per cpu, 2 threads per core) family 23 model 113 stepping 0 microcode 0x0, cmov, cx8, fxsr, mmx, sse, sse2, sse3, ssse3, sse4.1, sse4.2, popcnt, avx, avx2, aes, clmul, mmxext, 3dnowpref, lzcnt, sse4a, ht, tsc, tscinvbit, tscinv, bmi1, bmi2, adx, sha, fma

Memory: 4k page, system-wide physical 8105M (779M free)
TotalPageFile size 32681M (AvailPageFile size 0M)
current process WorkingSet (physical memory assigned to process): 30M, peak: 30M
current process commit charge ("private bytes"): 207M, peak: 207M

vm_info: OpenJDK 64-Bit Server VM (11.0.12+7) for windows-amd64 JRE (11.0.12+7), built on Jul 21 2021 16:23:49 by "" with unknown MS VC++:1916

END.
